[2026-06-01 17:30:25.966] [STDOUT] Log terminal disimpan di: data\terminal_logs\terminal_2026-06-01.log
[2026-06-01 17:30:26.043] [STDOUT]  * Serving Flask app 'app'
[2026-06-01 17:30:26.046] [STDOUT]  * Debug mode: off
[2026-06-01 17:30:26.102] [STDERR] WARNING: This is a development server. Do not use it in a production deployment. Use a production WSGI server instead.
[2026-06-01 17:30:26.109] [STDERR] 
[2026-06-01 17:30:26.109] [STDERR]  * Running on all addresses (0.0.0.0)
[2026-06-01 17:30:26.109] [STDERR]  * Running on http://127.0.0.1:5000
[2026-06-01 17:30:26.109] [STDERR]  * Running on http://192.168.0.103:5000
[2026-06-01 17:30:26.109] [STDERR] Press CTRL+C to quit
[2026-06-01 17:30:26.115] [STDERR] 
[2026-06-01 17:30:39.444] [STDERR] 127.0.0.1 - - [01/Jun/2026 17:30:39] "GET / HTTP/1.1" 200 -
[2026-06-01 17:30:39.717] [STDERR] 127.0.0.1 - - [01/Jun/2026 17:30:39] "GET /static/img/logo.png HTTP/1.1" 200 -
[2026-06-01 17:30:39.764] [STDERR] 127.0.0.1 - - [01/Jun/2026 17:30:39] "GET /static/img/logo.png HTTP/1.1" 200 -
[2026-06-01 17:30:39.996] [STDERR] 127.0.0.1 - - [01/Jun/2026 17:30:39] "
[2026-06-01 17:30:39.997] [STDERR] GET /favicon.ico HTTP/1.1
[2026-06-01 17:30:39.999] [STDERR] " 404 -
[2026-06-01 17:30:46.004] [STDERR] 127.0.0.1 - - [01/Jun/2026 17:30:46] "GET / HTTP/1.1" 200 -
[2026-06-01 17:30:46.079] [STDERR] 127.0.0.1 - - [01/Jun/2026 17:30:46] "GET /static/img/logo.png HTTP/1.1" 200 -
[2026-06-01 17:30:46.354] [STDERR] 127.0.0.1 - - [01/Jun/2026 17:30:46] "GET /static/img/logo.png HTTP/1.1" 200 -
[2026-06-01 17:30:46.739] [STDERR] 127.0.0.1 - - [01/Jun/2026 17:30:46] "
[2026-06-01 17:30:46.740] [STDERR] GET /favicon.ico HTTP/1.1
[2026-06-01 17:30:46.742] [STDERR] " 404 -
[2026-06-01 17:30:52.323] [STDERR] 127.0.0.1 - - [01/Jun/2026 17:30:52] "GET /input-pemetaan HTTP/1.1" 200 -
[2026-06-01 17:30:52.372] [STDERR] 127.0.0.1 - - [01/Jun/2026 17:30:52] "GET /static/img/logo.png HTTP/1.1" 200 -
[2026-06-01 17:31:54.078] [STDERR] C:\Users\ADVAN\OneDrive\Dokumen\SKRIPSI\Skripsi - Copy (2)\app.py:414: UserWarning: Parsing dates in %m/%d/%Y %H:%M format when dayfirst=True was specified. Pass `dayfirst=False` or specify a format to silence this warning.
[2026-06-01 17:31:54.078] [STDERR]   parsed = pd.to_datetime(text, dayfirst=True, errors="coerce")
[2026-06-01 17:32:01.591] [STDERR] 127.0.0.1 - - [01/Jun/2026 17:32:01] "
[2026-06-01 17:32:01.591] [STDERR] POST /input-pemetaan HTTP/1.1
[2026-06-01 17:32:01.591] [STDERR] " 302 -
[2026-06-01 17:32:01.785] [STDERR] 127.0.0.1 - - [01/Jun/2026 17:32:01] "GET /hasil-pemetaan HTTP/1.1" 200 -
[2026-06-01 17:32:01.812] [STDERR] 127.0.0.1 - - [01/Jun/2026 17:32:01] "GET /static/img/logo.png HTTP/1.1" 200 -
[2026-06-01 17:32:26.446] [STDERR] 127.0.0.1 - - [01/Jun/2026 17:32:26] "GET /hasil-pemetaan?petugas=A+Luthfi+Pratama HTTP/1.1" 200 -
[2026-06-01 17:32:26.506] [STDERR] 127.0.0.1 - - [01/Jun/2026 17:32:26] "GET /static/img/logo.png HTTP/1.1" 200 -
[2026-06-01 17:59:08.404] [STDERR] 127.0.0.1 - - [01/Jun/2026 17:59:08] "GET /hasil-pemetaan?petugas=A+Luthfi+Pratama HTTP/1.1" 200 -
[2026-06-01 17:59:08.495] [STDERR] 127.0.0.1 - - [01/Jun/2026 17:59:08] "GET /static/img/logo.png HTTP/1.1" 200 -
[2026-06-01 18:12:02.413] [STDERR] 127.0.0.1 - - [01/Jun/2026 18:12:02] "GET /hasil-pemetaan?petugas=A+Luthfi+Pratama HTTP/1.1" 200 -
[2026-06-01 18:12:02.480] [STDERR] 127.0.0.1 - - [01/Jun/2026 18:12:02] "GET /static/img/logo.png HTTP/1.1" 200 -
[2026-06-01 18:35:20.304] [STDERR] 127.0.0.1 - - [01/Jun/2026 18:35:20] "GET /hasil-pemetaan HTTP/1.1" 200 -
[2026-06-01 18:35:20.470] [STDERR] 127.0.0.1 - - [01/Jun/2026 18:35:20] "GET /static/img/logo.png HTTP/1.1" 200 -
[2026-06-01 18:35:23.534] [STDERR] 127.0.0.1 - - [01/Jun/2026 18:35:23] "GET /hasil-pemetaan HTTP/1.1" 200 -
[2026-06-01 18:35:23.572] [STDERR] 127.0.0.1 - - [01/Jun/2026 18:35:23] "GET /static/img/logo.png HTTP/1.1" 200 -
[2026-06-01 18:35:27.506] [STDERR] 127.0.0.1 - - [01/Jun/2026 18:35:27] "GET /hasil-pemetaan?petugas=A+Luthfi+Pratama HTTP/1.1" 200 -
[2026-06-01 18:35:27.551] [STDERR] 127.0.0.1 - - [01/Jun/2026 18:35:27] "GET /static/img/logo.png HTTP/1.1" 200 -
[2026-06-01 18:35:48.845] [STDOUT] Log terminal disimpan di: data\terminal_logs\terminal_2026-06-01.log
[2026-06-01 18:35:48.897] [STDOUT]  * Serving Flask app 'app'
[2026-06-01 18:35:48.898] [STDOUT]  * Debug mode: off
[2026-06-01 18:35:48.936] [STDERR] WARNING: This is a development server. Do not use it in a production deployment. Use a production WSGI server instead.
[2026-06-01 18:35:48.938] [STDERR] 
[2026-06-01 18:35:48.938] [STDERR]  * Running on all addresses (0.0.0.0)
[2026-06-01 18:35:48.939] [STDERR]  * Running on http://127.0.0.1:5000
[2026-06-01 18:35:48.940] [STDERR]  * Running on http://192.168.0.103:5000
[2026-06-01 18:35:48.942] [STDERR] Press CTRL+C to quit
[2026-06-01 18:35:48.943] [STDERR] 
[2026-06-01 18:35:54.099] [STDERR] 127.0.0.1 - - [01/Jun/2026 18:35:54] "GET / HTTP/1.1" 200 -
[2026-06-01 18:35:54.879] [STDERR] 127.0.0.1 - - [01/Jun/2026 18:35:54] "GET /static/img/logo.png HTTP/1.1" 200 -
[2026-06-01 18:35:57.924] [STDERR] 127.0.0.1 - - [01/Jun/2026 18:35:57] "GET /input-pemetaan HTTP/1.1" 200 -
[2026-06-01 18:35:57.967] [STDERR] 127.0.0.1 - - [01/Jun/2026 18:35:57] "GET /static/img/logo.png HTTP/1.1" 200 -
[2026-06-01 18:36:02.974] [STDERR] C:\Users\ADVAN\OneDrive\Dokumen\SKRIPSI\Skripsi - Copy (2)\app.py:414: UserWarning: Parsing dates in %m/%d/%Y %H:%M format when dayfirst=True was specified. Pass `dayfirst=False` or specify a format to silence this warning.
[2026-06-01 18:36:02.976] [STDERR]   parsed = pd.to_datetime(text, dayfirst=True, errors="coerce")
[2026-06-01 18:36:10.910] [STDERR] 127.0.0.1 - - [01/Jun/2026 18:36:10] "
[2026-06-01 18:36:10.912] [STDERR] POST /input-pemetaan HTTP/1.1
[2026-06-01 18:36:10.913] [STDERR] " 302 -
[2026-06-01 18:36:11.008] [STDERR] 127.0.0.1 - - [01/Jun/2026 18:36:11] "GET /hasil-pemetaan HTTP/1.1" 200 -
[2026-06-01 18:36:11.059] [STDERR] 127.0.0.1 - - [01/Jun/2026 18:36:11] "GET /static/img/logo.png HTTP/1.1" 200 -
[2026-06-01 18:36:27.197] [STDOUT] 
[2026-06-01 18:36:27.198] [STDOUT] Parameter algoritma genetika yang dipakai:
[2026-06-01 18:36:27.201] [STDOUT] - Generasi : 55
[2026-06-01 18:36:27.202] [STDOUT] - Populasi : 18
[2026-06-01 18:36:27.204] [STDOUT] - Cr       : 0.8 (14 crossover/generasi)
[2026-06-01 18:36:27.206] [STDOUT] - Mr       : 0.2 (3 mutasi/generasi)
[2026-06-01 18:36:28.614] [STDOUT] 
[2026-06-01 18:36:28.617] [STDOUT] Parameter GA
[2026-06-01 18:36:28.619] [STDOUT] Generasi: 55
[2026-06-01 18:36:28.623] [STDOUT] Populasi: 18
[2026-06-01 18:36:28.625] [STDOUT] Cr: 0.8
[2026-06-01 18:36:28.628] [STDOUT] Mr: 0.2
[2026-06-01 18:36:28.631] [STDOUT] 
[2026-06-01 18:36:28.633] [STDOUT] Total running 3x
[2026-06-01 18:36:28.636] [STDOUT] fitness total 1: 65.0574836758
[2026-06-01 18:36:28.638] [STDOUT] fitness total 2: 66.8383095355
[2026-06-01 18:36:28.641] [STDOUT] fitness total 3: 67.8633830037
[2026-06-01 18:36:28.643] [STDOUT] 
[2026-06-01 18:36:28.646] [STDOUT] === HASIL OPTIMASI ===
[2026-06-01 18:36:28.654] [STDOUT] Kurir                : A Luthfi Pratama
[2026-06-01 18:36:28.662] [STDOUT] 
[2026-06-01 18:36:28.677] [STDOUT] Parameter GA:
[2026-06-01 18:36:28.681] [STDOUT] - Generasi : 55
[2026-06-01 18:36:28.686] [STDOUT] - Populasi : 18
[2026-06-01 18:36:28.737] [STDOUT] - Cr       : 0.8 (14 crossover/generasi)
[2026-06-01 18:36:28.848] [STDOUT] - Mr       : 0.2 (3 mutasi/generasi)
[2026-06-01 18:36:28.851] [STDOUT] 
[2026-06-01 18:36:28.854] [STDOUT] Log fitness per generasi:
[2026-06-01 18:36:28.910] [STDOUT] Generasi | Fitness Populasi |       Fitness Cr |       Fitness Mr |    Fitness Total
[2026-06-01 18:36:28.913] [STDOUT] --------------------------------------------------------------------------------------
[2026-06-01 18:36:28.915] [STDOUT]        1 |     0.2261706004 |     0.1904988433 |     0.1896802142 |     0.8534310536
[2026-06-01 18:36:28.921] [STDOUT]        2 |     0.2470813958 |     0.1910332505 |     0.1902313436 |     0.8838982976
[2026-06-01 18:36:28.926] [STDOUT]        3 |     0.2555523077 |     0.2007763004 |     0.2011767336 |     0.9201629342
[2026-06-01 18:36:28.930] [STDOUT]        4 |     0.2626575926 |     0.2081488538 |     0.2060692601 |     0.9462787862
[2026-06-01 18:36:28.931] [STDOUT]        5 |     0.2694030796 |     0.2120449874 |     0.2112969449 |     0.9685456557
[2026-06-01 18:36:28.934] [STDOUT]        6 |     0.2758006437 |     0.2143096762 |     0.2099469885 |     0.9812115852
[2026-06-01 18:36:28.936] [STDOUT]        7 |     0.2811542768 |     0.2192317073 |     0.2169657721 |     1.0046628396
[2026-06-01 18:36:28.940] [STDOUT]        8 |     0.2873110834 |     0.2251109138 |     0.2228269051 |     1.0267590977
[2026-06-01 18:36:28.945] [STDOUT]        9 |     0.2915101954 |     0.2280308453 |     0.2247905567 |     1.0402338824
[2026-06-01 18:36:28.949] [STDOUT]       10 |     0.2959022849 |     0.2306783167 |     0.2302071490 |     1.0577171069
[2026-06-01 18:36:28.952] [STDOUT]       11 |     0.3009293562 |     0.2356246416 |     0.2296902964 |     1.0718265170
[2026-06-01 18:36:28.955] [STDOUT]       12 |     0.3055822227 |     0.2421083804 |     0.2390913989 |     1.0979410087
[2026-06-01 18:36:28.958] [STDOUT]       13 |     0.3111590067 |     0.2393417537 |     0.2370418761 |     1.1004784697
[2026-06-01 18:36:28.961] [STDOUT]       14 |     0.3129358332 |     0.2460037929 |     0.2444575222 |     1.1212777687
[2026-06-01 18:36:28.963] [STDOUT]       15 |     0.3178806204 |     0.2503369686 |     0.2464764402 |     1.1360875585
[2026-06-01 18:36:28.966] [STDOUT]       16 |     0.3213935293 |     0.2507670581 |     0.2484724486 |     1.1467540713
[2026-06-01 18:36:28.967] [STDOUT]       17 |     0.3261210354 |     0.2518325569 |     0.2491756243 |     1.1585077814
[2026-06-01 18:36:28.968] [STDOUT]       18 |     0.3313785648 |     0.2575614845 |     0.2536122329 |     1.1796123618
[2026-06-01 18:36:28.970] [STDOUT]       19 |     0.3370600797 |     0.2649703256 |     0.2613129539 |     1.2061630544
[2026-06-01 18:36:28.973] [STDOUT]       20 |     0.3428196952 |     0.2643457612 |     0.2612349473 |     1.2132591958
[2026-06-01 18:36:28.976] [STDOUT]       21 |     0.3448587921 |     0.2628632602 |     0.2600004517 |     1.2159995772
[2026-06-01 18:36:28.976] [STDOUT]       22 |     0.3482770732 |     0.2640184223 |     0.2608637832 |     1.2230770320
[2026-06-01 18:36:28.978] [STDOUT]       23 |     0.3499177533 |     0.2677342996 |     0.2588816368 |     1.2268136409
[2026-06-01 18:36:28.980] [STDOUT]       24 |     0.3502799512 |     0.2713542987 |     0.2661012838 |     1.2405320335
[2026-06-01 18:36:28.981] [STDOUT]       25 |     0.3527964998 |     0.2778870000 |     0.2722771806 |     1.2632556099
[2026-06-01 18:36:28.983] [STDOUT]       26 |     0.3602949295 |     0.2765807723 |     0.2722194536 |     1.2748835375
[2026-06-01 18:36:28.985] [STDOUT]       27 |     0.3657883821 |     0.2868736480 |     0.2843543316 |     1.3063690053
[2026-06-01 18:36:28.988] [STDOUT]       28 |     0.3693526436 |     0.2871342436 |     0.2846507498 |     1.3123890103
[2026-06-01 18:36:28.991] [STDOUT]       29 |     0.3712513733 |     0.2811324644 |     0.2762190274 |     1.3033262883
[2026-06-01 18:36:28.992] [STDOUT]       30 |     0.3747234231 |     0.2925777223 |     0.2876765639 |     1.3322900844
[2026-06-01 18:36:28.994] [STDOUT]       31 |     0.3773123750 |     0.2889673093 |     0.2888932122 |     1.3334878094
[2026-06-01 18:36:28.996] [STDOUT]       32 |     0.3783149128 |     0.2926515105 |     0.2885852248 |     1.3390026562
[2026-06-01 18:36:28.998] [STDOUT]       33 |     0.3794510080 |     0.2948745028 |     0.2901347791 |     1.3463908760
[2026-06-01 18:36:29.000] [STDOUT]       34 |     0.3819305861 |     0.2976559672 |     0.2885385204 |     1.3523864398
[2026-06-01 18:36:29.002] [STDOUT]       35 |     0.3842613660 |     0.2988699514 |     0.2935849170 |     1.3609776004
[2026-06-01 18:36:29.004] [STDOUT]       36 |     0.3842613660 |     0.2988699514 |     0.2932404636 |     1.3606331470
[2026-06-01 18:36:29.005] [STDOUT]       37 |     0.3842613660 |     0.2988699514 |     0.2879237491 |     1.3553164325
[2026-06-01 18:36:29.006] [STDOUT]       38 |     0.3842613660 |     0.2988699514 |     0.2823596385 |     1.3497523220
[2026-06-01 18:36:29.008] [STDOUT]       39 |     0.3842613660 |     0.2988699514 |     0.2890971567 |     1.3564898402
[2026-06-01 18:36:29.009] [STDOUT]       40 |     0.3842613660 |     0.2988699514 |     0.2906249674 |     1.3580176509
[2026-06-01 18:36:29.011] [STDOUT]       41 |     0.3842613660 |     0.2988699514 |     0.2927474064 |     1.3601400899
[2026-06-01 18:36:29.012] [STDOUT]       42 |     0.3842613660 |     0.2988699514 |     0.2888005121 |     1.3561931956
[2026-06-01 18:36:29.014] [STDOUT]       43 |     0.3842613660 |     0.2988699514 |     0.2939960720 |     1.3613887554
[2026-06-01 18:36:29.015] [STDOUT]       44 |     0.3842613660 |     0.2988699514 |     0.2906689015 |     1.3580615849
[2026-06-01 18:36:29.016] [STDOUT]       45 |     0.3842613660 |     0.2988699514 |     0.2907090215 |     1.3581017050
[2026-06-01 18:36:29.017] [STDOUT]       46 |     0.3842613660 |     0.2988699514 |     0.2954969136 |     1.3628895971
[2026-06-01 18:36:29.019] [STDOUT]       47 |     0.3842613660 |     0.2988699514 |     0.2872183667 |     1.3550504562
[2026-06-01 18:36:29.023] [STDOUT]       48 |     0.3847007721 |     0.2993657214 |     0.2949231209 |     1.3636903866
[2026-06-01 18:36:29.081] [STDOUT]       49 |     0.3847007721 |     0.2997487635 |     0.2942195946 |     1.3642487145
[2026-06-01 18:36:29.084] [STDOUT]       50 |     0.3855795843 |     0.3015063879 |     0.2966835986 |     1.3711067795
[2026-06-01 18:36:29.086] [STDOUT]       51 |     0.3873372086 |     0.3033313659 |     0.2987792880 |     1.3807397260
[2026-06-01 18:36:29.089] [STDOUT]       52 |     0.3912918634 |     0.3050216366 |     0.3007045035 |     1.3891886791
[2026-06-01 18:36:29.091] [STDOUT]       53 |     0.3921706756 |     0.3050216366 |     0.2936099713 |     1.3829729590
[2026-06-01 18:36:29.094] [STDOUT]       54 |     0.3921706756 |     0.3050216366 |     0.2957536724 |     1.3851166601
[2026-06-01 18:36:29.095] [STDOUT]       55 |     0.3921706756 |     0.3050216366 |     0.2989311070 |     1.3882940948
[2026-06-01 18:36:29.097] [STDOUT] Total keseluruhan fitness:
[2026-06-01 18:36:29.099] [STDOUT] - Fitness populasi : 19.1098730932
[2026-06-01 18:36:29.103] [STDOUT] - Fitness cr       : 14.8744099923
[2026-06-01 18:36:29.106] [STDOUT] - Fitness mr       : 14.6032267498
[2026-06-01 18:36:29.110] [STDOUT] - Fitness generasi : 19.2758731685
[2026-06-01 18:36:29.112] [STDOUT] - Fitness total    : 67.8633830037
[2026-06-01 18:36:29.114] [STDOUT] - Fitness terbaik  : 0.0217872598
[2026-06-01 18:36:29.115] [STDOUT] Total Jarak          : 45.77 km
[2026-06-01 18:36:29.117] [STDOUT] Total Waktu          : 127.38 menit
[2026-06-01 18:36:29.119] [STDOUT] Rincian waktu:
[2026-06-01 18:36:29.121] [STDOUT] - preprocessing: 0.00 detik
[2026-06-01 18:36:29.122] [STDOUT] - geocoding: 0.03 detik
[2026-06-01 18:36:29.124] [STDOUT] - matrix + GA: 13.69 detik
[2026-06-01 18:36:29.126] [STDOUT] - random baseline: 0.02 detik
[2026-06-01 18:36:29.127] [STDOUT] - geometry rute: 1.30 detik
[2026-06-01 18:36:29.129] [STDOUT] Waktu proses optimasi: 15.04 detik
[2026-06-01 18:36:29.130] [STDOUT] ======================
[2026-06-01 18:36:29.131] [STDOUT] 
[2026-06-01 18:36:33.255] [STDOUT] -- cannot find parameters matching version: , using: 22.2.0.0
[2026-06-01 18:36:35.181] [STDOUT] CPLEX (A Luthfi Pratama): 34.74 km, 102.6 menit
[2026-06-01 18:36:35.184] [STDOUT] Gap Jarak (GA vs CPLEX): 31.75%
[2026-06-01 18:36:35.186] [STDOUT] Gap Waktu (GA vs CPLEX): 24.15%
[2026-06-01 18:36:35.188] [STDOUT] 
[2026-06-01 18:36:35.194] [STDERR] 127.0.0.1 - - [01/Jun/2026 18:36:35] "GET /hasil-pemetaan?petugas=A+Luthfi+Pratama HTTP/1.1" 200 -
[2026-06-01 18:36:35.234] [STDERR] 127.0.0.1 - - [01/Jun/2026 18:36:35] "GET /static/img/logo.png HTTP/1.1" 200 -
[2026-06-01 20:55:02.304] [STDOUT] Log terminal disimpan di: data\terminal_logs\terminal_2026-06-01.log
[2026-06-01 20:55:02.312] [STDERR] Traceback (most recent call last):
[2026-06-01 20:55:02.315] [STDERR]   File "C:\Users\ADVAN\OneDrive\Dokumen\SKRIPSI\Skripsi - Copy (2)\app.py", line 422, in <module>
[2026-06-01 20:55:02.321] [STDERR]     l
[2026-06-01 20:55:02.326] [STDERR] NameError: name 'l' is not defined
[2026-06-01 20:56:08.736] [STDOUT] Log terminal disimpan di: data\terminal_logs\terminal_2026-06-01.log
[2026-06-01 20:56:08.736] [STDERR] Traceback (most recent call last):
[2026-06-01 20:56:08.736] [STDERR]   File "C:\Users\ADVAN\OneDrive\Dokumen\SKRIPSI\Skripsi - Copy (2)\app.py", line 422, in <module>
[2026-06-01 20:56:08.743] [STDERR]     l
[2026-06-01 20:56:08.744] [STDERR] NameError: name 'l' is not defined
[2026-06-01 20:56:36.364] [STDOUT] Log terminal disimpan di: data\terminal_logs\terminal_2026-06-01.log
[2026-06-01 20:56:36.411] [STDOUT]  * Serving Flask app 'app'
[2026-06-01 20:56:36.412] [STDOUT]  * Debug mode: off
[2026-06-01 20:56:36.514] [STDERR] WARNING: This is a development server. Do not use it in a production deployment. Use a production WSGI server instead.
[2026-06-01 20:56:36.514] [STDERR] 
[2026-06-01 20:56:36.514] [STDERR]  * Running on all addresses (0.0.0.0)
[2026-06-01 20:56:36.526] [STDERR]  * Running on http://127.0.0.1:5000
[2026-06-01 20:56:36.526] [STDERR]  * Running on http://192.168.0.103:5000
[2026-06-01 20:56:36.527] [STDERR] Press CTRL+C to quit
[2026-06-01 20:56:36.527] [STDERR] 
[2026-06-01 20:56:40.198] [STDERR] 127.0.0.1 - - [01/Jun/2026 20:56:40] "GET / HTTP/1.1" 200 -
[2026-06-01 20:56:40.684] [STDERR] 127.0.0.1 - - [01/Jun/2026 20:56:40] "GET /static/img/logo.png HTTP/1.1" 200 -
[2026-06-01 20:56:40.693] [STDERR] 127.0.0.1 - - [01/Jun/2026 20:56:40] "GET /static/img/logo.png HTTP/1.1" 200 -
[2026-06-01 20:56:52.476] [STDERR] C:\Users\ADVAN\OneDrive\Dokumen\SKRIPSI\Skripsi - Copy (2)\app.py:414: UserWarning: Parsing dates in %m/%d/%Y %H:%M format when dayfirst=True was specified. Pass `dayfirst=False` or specify a format to silence this warning.
[2026-06-01 20:56:52.480] [STDERR]   parsed = pd.to_datetime(text, dayfirst=True, errors="coerce")
[2026-06-01 20:56:58.179] [STDERR] 127.0.0.1 - - [01/Jun/2026 20:56:58] "GET /hasil-pemetaan HTTP/1.1" 200 -
[2026-06-01 20:56:58.313] [STDERR] 127.0.0.1 - - [01/Jun/2026 20:56:58] "GET /static/img/logo.png HTTP/1.1" 200 -
[2026-06-01 20:57:06.351] [STDOUT] 
[2026-06-01 20:57:06.353] [STDOUT] Parameter algoritma genetika yang dipakai:
[2026-06-01 20:57:06.355] [STDOUT] - Generasi : 55
[2026-06-01 20:57:06.357] [STDOUT] - Populasi : 18
[2026-06-01 20:57:06.359] [STDOUT] - Cr       : 0.8 (14 crossover/generasi)
[2026-06-01 20:57:06.361] [STDOUT] - Mr       : 0.2 (3 mutasi/generasi)
[2026-06-01 20:57:07.602] [STDOUT] Google route geometry error: You’re calling a legacy API, which is not enabled for your project. To get newer features and more functionality, switch to the Places API (New) or Routes API. Learn more: https://developers.google.com/maps/legacy#LegacyApiNotActivatedMapError
[2026-06-01 20:57:07.606] [STDOUT] 
[2026-06-01 20:57:07.607] [STDOUT] Parameter GA
[2026-06-01 20:57:07.614] [STDOUT] Generasi: 55
[2026-06-01 20:57:07.616] [STDOUT] Populasi: 18
[2026-06-01 20:57:07.621] [STDOUT] Cr: 0.8
[2026-06-01 20:57:07.623] [STDOUT] Mr: 0.2
[2026-06-01 20:57:07.625] [STDOUT] 
[2026-06-01 20:57:07.626] [STDOUT] Total running 3x
[2026-06-01 20:57:07.632] [STDOUT] fitness total 1: 66.1700556034
[2026-06-01 20:57:07.637] [STDOUT] fitness total 2: 72.3439511352
[2026-06-01 20:57:07.640] [STDOUT] fitness total 3: 68.0358645656
[2026-06-01 20:57:07.640] [STDOUT] 
[2026-06-01 20:57:07.640] [STDOUT] === HASIL OPTIMASI ===
[2026-06-01 20:57:07.646] [STDOUT] Kurir                : A Luthfi Pratama
[2026-06-01 20:57:07.648] [STDOUT] 
[2026-06-01 20:57:07.649] [STDOUT] Parameter GA:
[2026-06-01 20:57:07.652] [STDOUT] - Generasi : 55
[2026-06-01 20:57:07.654] [STDOUT] - Populasi : 18
[2026-06-01 20:57:07.654] [STDOUT] - Cr       : 0.8 (14 crossover/generasi)
[2026-06-01 20:57:07.654] [STDOUT] - Mr       : 0.2 (3 mutasi/generasi)
[2026-06-01 20:57:07.654] [STDOUT] 
[2026-06-01 20:57:07.660] [STDOUT] Log fitness per generasi:
[2026-06-01 20:57:07.663] [STDOUT] Generasi | Fitness Populasi |       Fitness Cr |       Fitness Mr |    Fitness Total
[2026-06-01 20:57:07.665] [STDOUT] --------------------------------------------------------------------------------------
[2026-06-01 20:57:07.667] [STDOUT]        1 |     0.2338411570 |     0.1929644765 |     0.1939854247 |     0.8773520388
[2026-06-01 20:57:07.670] [STDOUT]        2 |     0.2565609807 |     0.2070785464 |     0.2066814139 |     0.9484099818
[2026-06-01 20:57:07.671] [STDOUT]        3 |     0.2780890409 |     0.2218909849 |     0.2209021265 |     1.0184338227
[2026-06-01 20:57:07.673] [STDOUT]        4 |     0.2975516704 |     0.2345014193 |     0.2347600605 |     1.0747517210
[2026-06-01 20:57:07.678] [STDOUT]        5 |     0.3079385708 |     0.2480539165 |     0.2421724611 |     1.1168150727
[2026-06-01 20:57:07.682] [STDOUT]        6 |     0.3186501243 |     0.2518581279 |     0.2464713126 |     1.1440199226
[2026-06-01 20:57:07.684] [STDOUT]        7 |     0.3270403578 |     0.2574122412 |     0.2572334135 |     1.1773891366
[2026-06-01 20:57:07.686] [STDOUT]        8 |     0.3357031241 |     0.2634509878 |     0.2564291965 |     1.1954346489
[2026-06-01 20:57:07.689] [STDOUT]        9 |     0.3398513405 |     0.2648921597 |     0.2631763860 |     1.2121095382
[2026-06-01 20:57:07.691] [STDOUT]       10 |     0.3441896520 |     0.2722262384 |     0.2696397528 |     1.2376596820
[2026-06-01 20:57:07.693] [STDOUT]       11 |     0.3516040387 |     0.2737170085 |     0.2689201543 |     1.2461630697
[2026-06-01 20:57:07.695] [STDOUT]       12 |     0.3519218681 |     0.2737170085 |     0.2710792776 |     1.2486400224
[2026-06-01 20:57:07.695] [STDOUT]       13 |     0.3519218681 |     0.2737170085 |     0.2689356585 |     1.2466853032
[2026-06-01 20:57:07.695] [STDOUT]       14 |     0.3521107680 |     0.2724322402 |     0.2698034838 |     1.2466461600
[2026-06-01 20:57:07.700] [STDOUT]       15 |     0.3522996680 |     0.2704108528 |     0.2650323098 |     1.2402313985
[2026-06-01 20:57:07.700] [STDOUT]       16 |     0.3524885679 |     0.2694431121 |     0.2677463501 |     1.2431110975
[2026-06-01 20:57:07.700] [STDOUT]       17 |     0.3534330674 |     0.2732442379 |     0.2666811773 |     1.2483027494
[2026-06-01 20:57:07.700] [STDOUT]       18 |     0.3549442667 |     0.2763616073 |     0.2697082462 |     1.2563361868
[2026-06-01 20:57:07.700] [STDOUT]       19 |     0.3553220666 |     0.2763616073 |     0.2690157644 |     1.2560215049
[2026-06-01 20:57:07.709] [STDOUT]       20 |     0.3553220666 |     0.2763616073 |     0.2691338866 |     1.2561396270
[2026-06-01 20:57:07.711] [STDOUT]       21 |     0.3553220666 |     0.2763616073 |     0.2745268197 |     1.2615325602
[2026-06-01 20:57:07.711] [STDOUT]       22 |     0.3553220666 |     0.2763616073 |     0.2744986206 |     1.2615922646
[2026-06-01 20:57:07.714] [STDOUT]       23 |     0.3554099701 |     0.2764495109 |     0.2663398547 |     1.2536972094
[2026-06-01 20:57:07.716] [STDOUT]       24 |     0.3554978737 |     0.2767132216 |     0.2731191492 |     1.2610918289
[2026-06-01 20:57:07.716] [STDOUT]       25 |     0.3557615844 |     0.2772406430 |     0.2728311259 |     1.2622102627
[2026-06-01 20:57:07.720] [STDOUT]       26 |     0.3563769094 |     0.2775043537 |     0.2687543605 |     1.2595399544
[2026-06-01 20:57:07.720] [STDOUT]       27 |     0.3569043308 |     0.2775922573 |     0.2671418555 |     1.2585427744
[2026-06-01 20:57:07.720] [STDOUT]       28 |     0.3569043308 |     0.2775922573 |     0.2723625802 |     1.2637634991
[2026-06-01 20:57:07.729] [STDOUT]       29 |     0.3569043308 |     0.2775922573 |     0.2703664709 |     1.2617673897
[2026-06-01 20:57:07.731] [STDOUT]       30 |     0.3569043308 |     0.2775922573 |     0.2662982365 |     1.2576991554
[2026-06-01 20:57:07.734] [STDOUT]       31 |     0.3569043308 |     0.2775922573 |     0.2717940964 |     1.2631950153
[2026-06-01 20:57:07.737] [STDOUT]       32 |     0.3569043308 |     0.2775922573 |     0.2710120270 |     1.2624129459
[2026-06-01 20:57:07.741] [STDOUT]       33 |     0.3569043308 |     0.2775922573 |     0.2750988922 |     1.2664998111
[2026-06-01 20:57:07.741] [STDOUT]       34 |     0.3569043308 |     0.2775922573 |     0.2724473475 |     1.2638482664
[2026-06-01 20:57:07.746] [STDOUT]       35 |     0.3569043308 |     0.2775922573 |     0.2651942655 |     1.2565951844
[2026-06-01 20:57:07.749] [STDOUT]       36 |     0.3569043308 |     0.2775922573 |     0.2754395012 |     1.2668404201
[2026-06-01 20:57:07.749] [STDOUT]       37 |     0.3569043308 |     0.2775922573 |     0.2742170904 |     1.2656180093
[2026-06-01 20:57:07.749] [STDOUT]       38 |     0.3569043308 |     0.2775922573 |     0.2727897542 |     1.2641906731
[2026-06-01 20:57:07.749] [STDOUT]       39 |     0.3569043308 |     0.2775922573 |     0.2741334740 |     1.2655343929
[2026-06-01 20:57:07.749] [STDOUT]       40 |     0.3569043308 |     0.2775922573 |     0.2722478835 |     1.2636488024
[2026-06-01 20:57:07.759] [STDOUT]       41 |     0.3569043308 |     0.2775922573 |     0.2700430168 |     1.2614439357
[2026-06-01 20:57:07.759] [STDOUT]       42 |     0.3569043308 |     0.2775922573 |     0.2723668598 |     1.2637677787
[2026-06-01 20:57:07.763] [STDOUT]       43 |     0.3569043308 |     0.2775922573 |     0.2757924919 |     1.2673600205
[2026-06-01 20:57:07.764] [STDOUT]       44 |     0.3570709405 |     0.2780920865 |     0.2710424200 |     1.2637762167
[2026-06-01 20:57:07.764] [STDOUT]       45 |     0.3575707697 |     0.2789486258 |     0.2770863223 |     1.2730151677
[2026-06-01 20:57:07.766] [STDOUT]       46 |     0.3594094499 |     0.2808767386 |     0.2752466498 |     1.2763880893
[2026-06-01 20:57:07.766] [STDOUT]       47 |     0.3608552510 |     0.2815906973 |     0.2760132373 |     1.2808206443
[2026-06-01 20:57:07.773] [STDOUT]       48 |     0.3623614587 |     0.2832566011 |     0.2804762757 |     1.2902813942
[2026-06-01 20:57:07.773] [STDOUT]       49 |     0.3641870586 |     0.2832566011 |     0.2788196627 |     1.2908181583
[2026-06-01 20:57:07.773] [STDOUT]       50 |     0.3645548358 |     0.2837960481 |     0.2782020645 |     1.2916991475
[2026-06-01 20:57:07.773] [STDOUT]       51 |     0.3651461991 |     0.2843652465 |     0.2798672492 |     1.2959960027
[2026-06-01 20:57:07.779] [STDOUT]       52 |     0.3666173079 |     0.2876995182 |     0.2826197300 |     1.3072464312
[2026-06-01 20:57:07.781] [STDOUT]       53 |     0.3703098751 |     0.2884054816 |     0.2832771052 |     1.3127995098
[2026-06-01 20:57:07.783] [STDOUT]       54 |     0.3708070478 |     0.2884054816 |     0.2826465073 |     1.3126660845
[2026-06-01 20:57:07.786] [STDOUT]       55 |     0.3708070478 |     0.2884054816 |     0.2872933033 |     1.3173128805
[2026-06-01 20:57:07.788] [STDOUT] Total keseluruhan fitness:
[2026-06-01 20:57:07.789] [STDOUT] - Fitness populasi : 19.1415456010
[2026-06-01 20:57:07.790] [STDOUT] - Fitness cr       : 14.9368933153
[2026-06-01 20:57:07.792] [STDOUT] - Fitness mr       : 14.6789141575
[2026-06-01 20:57:07.793] [STDOUT] - Fitness generasi : 19.2785114918
[2026-06-01 20:57:07.795] [STDOUT] - Fitness total    : 68.0358645656
[2026-06-01 20:57:07.797] [STDOUT] - Fitness terbaik  : 0.0206003915
[2026-06-01 20:57:07.799] [STDOUT] Total Jarak          : 48.41 km
[2026-06-01 20:57:07.801] [STDOUT] Total Waktu          : 137.77 menit
[2026-06-01 20:57:07.803] [STDOUT] Rincian waktu:
[2026-06-01 20:57:07.804] [STDOUT] - preprocessing: 0.00 detik
[2026-06-01 20:57:07.806] [STDOUT] - geocoding: 0.03 detik
[2026-06-01 20:57:07.807] [STDOUT] - matrix + GA: 0.27 detik
[2026-06-01 20:57:07.809] [STDOUT] - random baseline: 0.02 detik
[2026-06-01 20:57:07.811] [STDOUT] - geometry rute: 1.14 detik
[2026-06-01 20:57:07.812] [STDOUT] Waktu proses optimasi: 1.45 detik
[2026-06-01 20:57:07.814] [STDOUT] ======================
[2026-06-01 20:57:07.817] [STDOUT] 
[2026-06-01 20:57:08.442] [STDOUT] -- cannot find parameters matching version: , using: 22.2.0.0
[2026-06-01 20:57:09.049] [STDOUT] CPLEX (A Luthfi Pratama): 34.74 km, 102.6 menit
[2026-06-01 20:57:09.049] [STDOUT] Gap Jarak (GA vs CPLEX): 39.35%
[2026-06-01 20:57:09.049] [STDOUT] Gap Waktu (GA vs CPLEX): 34.28%
[2026-06-01 20:57:09.049] [STDOUT] 
[2026-06-01 20:57:09.049] [STDERR] 127.0.0.1 - - [01/Jun/2026 20:57:09] "GET /hasil-pemetaan?petugas=A+Luthfi+Pratama HTTP/1.1" 200 -
[2026-06-01 20:57:09.100] [STDERR] 127.0.0.1 - - [01/Jun/2026 20:57:09] "GET /static/img/logo.png HTTP/1.1" 200 -
[2026-06-01 21:18:14.577] [STDOUT] Log terminal disimpan di: data\terminal_logs\terminal_2026-06-01.log
[2026-06-01 21:18:14.648] [STDOUT]  * Serving Flask app 'app'
[2026-06-01 21:18:14.648] [STDOUT]  * Debug mode: off
[2026-06-01 21:18:14.734] [STDERR] WARNING: This is a development server. Do not use it in a production deployment. Use a production WSGI server instead.
[2026-06-01 21:18:14.742] [STDERR] 
[2026-06-01 21:18:14.742] [STDERR]  * Running on all addresses (0.0.0.0)
[2026-06-01 21:18:14.745] [STDERR]  * Running on http://127.0.0.1:5000
[2026-06-01 21:18:14.747] [STDERR]  * Running on http://192.168.0.103:5000
[2026-06-01 21:18:14.751] [STDERR] Press CTRL+C to quit
[2026-06-01 21:18:14.751] [STDERR] 
[2026-06-01 21:18:25.285] [STDERR] C:\Users\ADVAN\OneDrive\Dokumen\SKRIPSI\Skripsi - Copy (2)\app.py:414: UserWarning: Parsing dates in %m/%d/%Y %H:%M format when dayfirst=True was specified. Pass `dayfirst=False` or specify a format to silence this warning.
[2026-06-01 21:18:25.285] [STDERR]   parsed = pd.to_datetime(text, dayfirst=True, errors="coerce")
[2026-06-01 21:18:32.191] [STDERR] 127.0.0.1 - - [01/Jun/2026 21:18:32] "GET / HTTP/1.1" 200 -
[2026-06-01 21:18:32.666] [STDERR] 127.0.0.1 - - [01/Jun/2026 21:18:32] "GET /static/img/logo.png HTTP/1.1" 200 -
[2026-06-01 21:18:32.700] [STDERR] 127.0.0.1 - - [01/Jun/2026 21:18:32] "GET /static/img/logo.png HTTP/1.1" 200 -
[2026-06-01 21:18:33.263] [STDERR] 127.0.0.1 - - [01/Jun/2026 21:18:33] "
[2026-06-01 21:18:33.277] [STDERR] GET /favicon.ico HTTP/1.1
[2026-06-01 21:18:33.294] [STDERR] " 404 -
[2026-06-01 21:18:34.510] [STDOUT] 
[2026-06-01 21:18:34.510] [STDOUT] Parameter algoritma genetika yang dipakai:
[2026-06-01 21:18:34.518] [STDOUT] - Generasi : 55
[2026-06-01 21:18:34.525] [STDOUT] - Populasi : 18
[2026-06-01 21:18:34.527] [STDOUT] - Cr       : 0.8 (14 crossover/generasi)
[2026-06-01 21:18:34.527] [STDOUT] - Mr       : 0.2 (3 mutasi/generasi)
[2026-06-01 21:18:36.371] [STDOUT] 
[2026-06-01 21:18:36.371] [STDOUT] Parameter GA
[2026-06-01 21:18:36.386] [STDOUT] Generasi: 55
[2026-06-01 21:18:36.392] [STDOUT] Populasi: 18
[2026-06-01 21:18:36.399] [STDOUT] Cr: 0.8
[2026-06-01 21:18:36.403] [STDOUT] Mr: 0.2
[2026-06-01 21:18:36.403] [STDOUT] 
[2026-06-01 21:18:36.411] [STDOUT] Total running 3x
[2026-06-01 21:18:36.415] [STDOUT] fitness total 1: 0.0678317587
[2026-06-01 21:18:36.419] [STDOUT] fitness total 2: 0.0744564824
[2026-06-01 21:18:36.419] [STDOUT] fitness total 3: 0.0700053028
[2026-06-01 21:18:36.424] [STDOUT] 
[2026-06-01 21:18:36.432] [STDOUT] === HASIL OPTIMASI ===
[2026-06-01 21:18:36.437] [STDOUT] Kurir                : A Luthfi Pratama
[2026-06-01 21:18:36.443] [STDOUT] 
[2026-06-01 21:18:36.445] [STDOUT] Parameter GA:
[2026-06-01 21:18:36.452] [STDOUT] - Generasi : 55
[2026-06-01 21:18:36.456] [STDOUT] - Populasi : 18
[2026-06-01 21:18:36.460] [STDOUT] - Cr       : 0.8 (14 crossover/generasi)
[2026-06-01 21:18:36.460] [STDOUT] - Mr       : 0.2 (3 mutasi/generasi)
[2026-06-01 21:18:36.466] [STDOUT] 
[2026-06-01 21:18:36.466] [STDOUT] Log fitness per generasi:
[2026-06-01 21:18:36.466] [STDOUT] Generasi | Fitness Populasi |       Fitness Cr |       Fitness Mr |    Fitness Total
[2026-06-01 21:18:36.476] [STDOUT] --------------------------------------------------------------------------------------
[2026-06-01 21:18:36.476] [STDOUT]        1 |     0.0002302109 |     0.0001817803 |     0.0001815110 |     0.0008399385
[2026-06-01 21:18:36.478] [STDOUT]        2 |     0.0002464363 |     0.0001863809 |     0.0001843960 |     0.0008735251
[2026-06-01 21:18:36.481] [STDOUT]        3 |     0.0002563119 |     0.0001968644 |     0.0001958332 |     0.0009176506
[2026-06-01 21:18:36.481] [STDOUT]        4 |     0.0002686411 |     0.0002050798 |     0.0002033968 |     0.0009504238
[2026-06-01 21:18:36.486] [STDOUT]        5 |     0.0002733061 |     0.0002055281 |     0.0002030127 |     0.0009591714
[2026-06-01 21:18:36.486] [STDOUT]        6 |     0.0002773245 |     0.0002079381 |     0.0002046138 |     0.0009691402
[2026-06-01 21:18:36.492] [STDOUT]        7 |     0.0002792638 |     0.0002123982 |     0.0002115990 |     0.0009879212
[2026-06-01 21:18:36.494] [STDOUT]        8 |     0.0002846601 |     0.0002155826 |     0.0002153728 |     0.0010051161
[2026-06-01 21:18:36.495] [STDOUT]        9 |     0.0002895006 |     0.0002119093 |     0.0002112931 |     0.0010063731
[2026-06-01 21:18:36.495] [STDOUT]       10 |     0.0002936701 |     0.0002211242 |     0.0002179889 |     0.0010323131
[2026-06-01 21:18:36.498] [STDOUT]       11 |     0.0002995299 |     0.0002253183 |     0.0002217213 |     0.0010497564
[2026-06-01 21:18:36.498] [STDOUT]       12 |     0.0003031869 |     0.0002290844 |     0.0002278015 |     0.0010671884
[2026-06-01 21:18:36.498] [STDOUT]       13 |     0.0003071157 |     0.0002321460 |     0.0002288556 |     0.0010775426
[2026-06-01 21:18:36.503] [STDOUT]       14 |     0.0003094253 |     0.0002390083 |     0.0002359339 |     0.0010983902
[2026-06-01 21:18:36.507] [STDOUT]       15 |     0.0003140227 |     0.0002328426 |     0.0002297641 |     0.0010934570
[2026-06-01 21:18:36.509] [STDOUT]       16 |     0.0003168275 |     0.0002405467 |     0.0002355790 |     0.0011133853
[2026-06-01 21:18:36.509] [STDOUT]       17 |     0.0003204321 |     0.0002458482 |     0.0002443524 |     0.0011335401
[2026-06-01 21:18:36.509] [STDOUT]       18 |     0.0003229074 |     0.0002434481 |     0.0002390686 |     0.0011296666
[2026-06-01 21:18:36.515] [STDOUT]       19 |     0.0003242425 |     0.0002458973 |     0.0002438488 |     0.0011398906
[2026-06-01 21:18:36.515] [STDOUT]       20 |     0.0003259020 |     0.0002474187 |     0.0002433645 |     0.0011444196
[2026-06-01 21:18:36.515] [STDOUT]       21 |     0.0003277345 |     0.0002521676 |     0.0002514255 |     0.0011616947
[2026-06-01 21:18:36.515] [STDOUT]       22 |     0.0003303671 |     0.0002549859 |     0.0002564862 |     0.0011775278
[2026-06-01 21:18:36.524] [STDOUT]       23 |     0.0003356885 |     0.0002495735 |     0.0002477857 |     0.0011702595
[2026-06-01 21:18:36.526] [STDOUT]       24 |     0.0003372118 |     0.0002561292 |     0.0002561154 |     0.0011925293
[2026-06-01 21:18:36.526] [STDOUT]       25 |     0.0003430730 |     0.0002613518 |     0.0002591338 |     0.0012160328
[2026-06-01 21:18:36.530] [STDOUT]       26 |     0.0003524742 |     0.0002631217 |     0.0002604602 |     0.0012369773
[2026-06-01 21:18:36.532] [STDOUT]       27 |     0.0003609211 |     0.0002803372 |     0.0002754419 |     0.0012876875
[2026-06-01 21:18:36.532] [STDOUT]       28 |     0.0003709874 |     0.0002885182 |     0.0002817112 |     0.0013164602
[2026-06-01 21:18:36.532] [STDOUT]       29 |     0.0003752434 |     0.0002934501 |     0.0002854692 |     0.0013327395
[2026-06-01 21:18:36.532] [STDOUT]       30 |     0.0003785768 |     0.0002917969 |     0.0002864849 |     0.0013366583
[2026-06-01 21:18:36.540] [STDOUT]       31 |     0.0003797996 |     0.0002971805 |     0.0002932828 |     0.0013562857
[2026-06-01 21:18:36.540] [STDOUT]       32 |     0.0003860228 |     0.0002999081 |     0.0002941114 |     0.0013692576
[2026-06-01 21:18:36.540] [STDOUT]       33 |     0.0003892154 |     0.0003027108 |     0.0002917019 |     0.0013790635
[2026-06-01 21:18:36.547] [STDOUT]       34 |     0.0003954354 |     0.0003093995 |     0.0003009496 |     0.0014092107
[2026-06-01 21:18:36.548] [STDOUT]       35 |     0.0004034262 |     0.0003163331 |     0.0003121412 |     0.0014449916
[2026-06-01 21:18:36.551] [STDOUT]       36 |     0.0004130911 |     0.0003185888 |     0.0003142616 |     0.0014606501
[2026-06-01 21:18:36.551] [STDOUT]       37 |     0.0004147086 |     0.0003205750 |     0.0003156009 |     0.0014675964
[2026-06-01 21:18:36.551] [STDOUT]       38 |     0.0004167120 |     0.0003223373 |     0.0003133829 |     0.0014698987
[2026-06-01 21:18:36.557] [STDOUT]       39 |     0.0004174665 |     0.0003248198 |     0.0003114489 |     0.0014715502
[2026-06-01 21:18:36.557] [STDOUT]       40 |     0.0004178151 |     0.0003233600 |     0.0003104747 |     0.0014698691
[2026-06-01 21:18:36.557] [STDOUT]       41 |     0.0004182193 |     0.0003240291 |     0.0003198925 |     0.0014806494
[2026-06-01 21:18:36.564] [STDOUT]       42 |     0.0004185085 |     0.0003235277 |     0.0003147146 |     0.0014758379
[2026-06-01 21:18:36.564] [STDOUT]       43 |     0.0004190870 |     0.0003208537 |     0.0003167126 |     0.0014760889
[2026-06-01 21:18:36.567] [STDOUT]       44 |     0.0004194355 |     0.0003242975 |     0.0003139088 |     0.0014777780
[2026-06-01 21:18:36.567] [STDOUT]       45 |     0.0004201362 |     0.0003264163 |     0.0003191982 |     0.0014881939
[2026-06-01 21:18:36.571] [STDOUT]       46 |     0.0004224433 |     0.0003275502 |     0.0003256587 |     0.0014995289
[2026-06-01 21:18:36.573] [STDOUT]       47 |     0.0004238768 |     0.0003274304 |     0.0003203079 |     0.0014954919
[2026-06-01 21:18:36.575] [STDOUT]       48 |     0.0004238768 |     0.0003283444 |     0.0003240735 |     0.0015016050
[2026-06-01 21:18:36.580] [STDOUT]       49 |     0.0004253103 |     0.0003281485 |     0.0003235696 |     0.0015042918
[2026-06-01 21:18:36.581] [STDOUT]       50 |     0.0004272633 |     0.0003290401 |     0.0003198616 |     0.0015055576
[2026-06-01 21:18:36.581] [STDOUT]       51 |     0.0004293926 |     0.0003341156 |     0.0003258037 |     0.0015241781
[2026-06-01 21:18:36.581] [STDOUT]       52 |     0.0004348662 |     0.0003389357 |     0.0003274602 |     0.0015429526
[2026-06-01 21:18:36.581] [STDOUT]       53 |     0.0004416906 |     0.0003417709 |     0.0003314369 |     0.0015610159
[2026-06-01 21:18:36.588] [STDOUT]       54 |     0.0004461175 |     0.0003469803 |     0.0003365156 |     0.0015757309
[2026-06-01 21:18:36.590] [STDOUT]       55 |     0.0004461175 |     0.0003469803 |     0.0003414362 |     0.0015806514
[2026-06-01 21:18:36.595] [STDOUT] Total keseluruhan fitness:
[2026-06-01 21:18:36.598] [STDOUT] - Fitness populasi : 0.0198052292
[2026-06-01 21:18:36.600] [STDOUT] - Fitness cr       : 0.0152212104
[2026-06-01 21:18:36.601] [STDOUT] - Fitness mr       : 0.0149577276
[2026-06-01 21:18:36.601] [STDOUT] - Fitness generasi : 0.0200211357
[2026-06-01 21:18:36.606] [STDOUT] - Fitness total    : 0.0700053028
[2026-06-01 21:18:36.607] [STDOUT] - Fitness terbaik  : 0.0000247843
[2026-06-01 21:18:36.607] [STDOUT] Total Jarak          : 40.35 km
[2026-06-01 21:18:36.613] [STDOUT] Total Waktu          : 115.48 menit
[2026-06-01 21:18:36.615] [STDOUT] Rincian waktu:
[2026-06-01 21:18:36.615] [STDOUT] - preprocessing: 0.00 detik
[2026-06-01 21:18:36.620] [STDOUT] - geocoding: 0.06 detik
[2026-06-01 21:18:36.622] [STDOUT] - matrix + GA: 0.34 detik
[2026-06-01 21:18:36.625] [STDOUT] - random baseline: 0.02 detik
[2026-06-01 21:18:36.627] [STDOUT] - geometry rute: 1.71 detik
[2026-06-01 21:18:36.630] [STDOUT] Waktu proses optimasi: 2.13 detik
[2026-06-01 21:18:36.631] [STDOUT] ======================
[2026-06-01 21:18:36.631] [STDOUT] 
[2026-06-01 21:18:37.881] [STDOUT] -- cannot find parameters matching version: , using: 22.2.0.0
[2026-06-01 21:18:39.163] [STDERR] 127.0.0.1 - - [01/Jun/2026 21:18:39] "GET /input-pemetaan HTTP/1.1" 200 -
[2026-06-01 21:18:39.296] [STDERR] 127.0.0.1 - - [01/Jun/2026 21:18:39] "GET /static/img/logo.png HTTP/1.1" 200 -
[2026-06-01 21:18:39.695] [STDOUT] CPLEX (A Luthfi Pratama): 34.74 km, 102.6 menit
[2026-06-01 21:18:39.695] [STDOUT] Gap Jarak (GA vs CPLEX): 16.15%
[2026-06-01 21:18:39.701] [STDOUT] Gap Waktu (GA vs CPLEX): 12.55%
[2026-06-01 21:18:39.701] [STDOUT] 
[2026-06-01 21:18:39.854] [STDERR] 127.0.0.1 - - [01/Jun/2026 21:18:39] "GET /hasil-pemetaan?petugas=A+Luthfi+Pratama HTTP/1.1" 200 -
[2026-06-01 21:18:42.125] [STDERR] 127.0.0.1 - - [01/Jun/2026 21:18:42] "GET /hasil-pemetaan HTTP/1.1" 200 -
[2026-06-01 21:18:42.161] [STDERR] 127.0.0.1 - - [01/Jun/2026 21:18:42] "GET /static/img/logo.png HTTP/1.1" 200 -
[2026-06-01 21:18:45.548] [STDERR] 127.0.0.1 - - [01/Jun/2026 21:18:45] "GET /hasil-pemetaan?petugas=A+Luthfi+Pratama HTTP/1.1" 200 -
[2026-06-01 21:18:45.606] [STDERR] 127.0.0.1 - - [01/Jun/2026 21:18:45] "GET /static/img/logo.png HTTP/1.1" 200 -
[2026-06-01 21:39:33.305] [STDERR] 127.0.0.1 - - [01/Jun/2026 21:39:33] "GET /hasil-pemetaan?petugas=A+Luthfi+Pratama HTTP/1.1" 200 -
[2026-06-01 21:39:33.368] [STDERR] 127.0.0.1 - - [01/Jun/2026 21:39:33] "GET /static/img/logo.png HTTP/1.1" 200 -
