[2026-05-16 11:23:36.849] [STDOUT] Log terminal disimpan di: data\terminal_logs\terminal_2026-05-16.log
[2026-05-16 11:23:36.931] [STDOUT]  * Serving Flask app 'app'
[2026-05-16 11:23:36.933] [STDOUT]  * Debug mode: on
[2026-05-16 11:23:36.998] [STDERR] WARNING: This is a development server. Do not use it in a production deployment. Use a production WSGI server instead.
[2026-05-16 11:23:36.999] [STDERR] 
[2026-05-16 11:23:36.999] [STDERR]  * Running on http://127.0.0.1:5000
[2026-05-16 11:23:37.000] [STDERR] Press CTRL+C to quit
[2026-05-16 11:23:37.001] [STDERR] 
[2026-05-16 11:24:22.784] [STDOUT] 
[2026-05-16 11:24:22.785] [STDOUT] Parameter algoritma genetika yang dipakai:
[2026-05-16 11:24:22.786] [STDOUT] - Generasi : 200
[2026-05-16 11:24:22.788] [STDOUT] - Populasi : 100
[2026-05-16 11:24:22.789] [STDOUT] - Cr       : 0.7 (70 crossover/generasi)
[2026-05-16 11:24:22.790] [STDOUT] - Mr       : 0.3 (30 mutasi/generasi)
[2026-05-16 11:24:23.196] [STDOUT] 
[2026-05-16 11:24:23.196] [STDOUT] === HASIL OPTIMASI ===
[2026-05-16 11:24:23.197] [STDOUT] Kurir                : Chamdan Nurhaqiqi
[2026-05-16 11:24:23.198] [STDOUT] 
[2026-05-16 11:24:23.200] [STDOUT] Parameter GA:
[2026-05-16 11:24:23.201] [STDOUT] - Generasi : 200
[2026-05-16 11:24:23.204] [STDOUT] - Populasi : 100
[2026-05-16 11:24:23.205] [STDOUT] - Cr       : 0.7 (70 crossover/generasi)
[2026-05-16 11:24:23.207] [STDOUT] - Mr       : 0.3 (30 mutasi/generasi)
[2026-05-16 11:24:23.208] [STDOUT] 
[2026-05-16 11:24:23.209] [STDOUT] Log fitness per generasi:
[2026-05-16 11:24:23.212] [STDOUT] Generasi | Fitness Populasi |       Fitness Cr |       Fitness Mr
[2026-05-16 11:24:23.214] [STDOUT] -----------------------------------------------------------------
[2026-05-16 11:24:23.214] [STDOUT]        1 |    14.2020161003 |    10.5140855306 |    10.3819079675
[2026-05-16 11:24:23.217] [STDOUT]       10 |    16.8615107914 |    11.8030575540 |    11.0725555118
[2026-05-16 11:24:23.218] [STDOUT]       20 |    16.8615107914 |    11.8030575540 |    11.0266129162
[2026-05-16 11:24:23.221] [STDOUT]       30 |    16.8615107914 |    11.8030575540 |    10.9367669516
[2026-05-16 11:24:23.223] [STDOUT]       40 |    16.8615107914 |    11.8030575540 |    10.9566794096
[2026-05-16 11:24:23.224] [STDOUT]       50 |    16.8615107914 |    11.8030575540 |    11.0204952366
[2026-05-16 11:24:23.225] [STDOUT]       60 |    16.8615107914 |    11.8030575540 |    10.9005406812
[2026-05-16 11:24:23.228] [STDOUT]       70 |    16.8615107914 |    11.8030575540 |    10.9505617299
[2026-05-16 11:24:23.230] [STDOUT]       80 |    16.8615107914 |    11.8030575540 |    11.0266129162
[2026-05-16 11:24:23.233] [STDOUT]       90 |    16.8615107914 |    11.8030575540 |    10.9765918675
[2026-05-16 11:24:23.235] [STDOUT]      100 |    16.8615107914 |    11.8030575540 |    11.0067004582
[2026-05-16 11:24:23.236] [STDOUT]      110 |    16.8615107914 |    11.8030575540 |    11.0526430538
[2026-05-16 11:24:23.238] [STDOUT]      120 |    16.8615107914 |    11.8030575540 |    10.9888272268
[2026-05-16 11:24:23.240] [STDOUT]      130 |    16.8615107914 |    11.8030575540 |    10.8668334450
[2026-05-16 11:24:23.241] [STDOUT]      140 |    16.8615107914 |    11.8030575540 |    10.9388061782
[2026-05-16 11:24:23.242] [STDOUT]      150 |    16.8615107914 |    11.8030575540 |    10.8867459029
[2026-05-16 11:24:23.244] [STDOUT]      160 |    16.8615107914 |    11.8030575540 |    11.0087396848
[2026-05-16 11:24:23.246] [STDOUT]      170 |    16.8615107914 |    11.8030575540 |    11.0067004582
[2026-05-16 11:24:23.249] [STDOUT]      180 |    16.8615107914 |    11.8030575540 |    10.9668755423
[2026-05-16 11:24:23.252] [STDOUT]      190 |    16.8615107914 |    11.8030575540 |    11.0204952366
[2026-05-16 11:24:23.254] [STDOUT]      200 |    16.8615107914 |    11.8030575540 |    11.0286521428
[2026-05-16 11:24:23.255] [STDOUT] Total keseluruhan fitness:
[2026-05-16 11:24:23.258] [STDOUT] - Fitness populasi : 3367.8272449709
[2026-05-16 11:24:23.260] [STDOUT] - Fitness cr       : 2359.0361737445
[2026-05-16 11:24:23.262] [STDOUT] - Fitness mr       : 2195.6641901885
[2026-05-16 11:24:23.263] [STDOUT] - Fitness generasi : 3370.4867396619
[2026-05-16 11:24:23.264] [STDOUT] - Fitness terbaik  : 0.1686151079
[2026-05-16 11:24:23.265] [STDOUT] Total Jarak          : 5.91 km
[2026-05-16 11:24:23.266] [STDOUT] Total Waktu          : 17.67 menit
[2026-05-16 11:24:23.267] [STDOUT] Rincian waktu:
[2026-05-16 11:24:23.269] [STDOUT] - preprocessing: 0.00 detik
[2026-05-16 11:24:23.270] [STDOUT] - geocoding: 0.02 detik
[2026-05-16 11:24:23.272] [STDOUT] - matrix + GA: 0.41 detik
[2026-05-16 11:24:23.273] [STDOUT] - geometry rute: 0.00 detik
[2026-05-16 11:24:23.274] [STDOUT] Waktu proses optimasi: 0.43 detik
[2026-05-16 11:24:23.276] [STDOUT] ======================
[2026-05-16 11:24:23.277] [STDOUT] 
[2026-05-16 11:24:23.311] [STDERR] 127.0.0.1 - - [16/May/2026 11:24:23] "GET /hasil-pemetaan?petugas=Chamdan+Nurhaqiqi HTTP/1.1" 200 -
[2026-05-16 11:24:23.659] [STDERR] 127.0.0.1 - - [16/May/2026 11:24:23] "GET /static/img/logo.png HTTP/1.1" 200 -
[2026-05-16 11:24:46.732] [STDERR] 127.0.0.1 - - [16/May/2026 11:24:46] "GET /input HTTP/1.1" 200 -
[2026-05-16 11:24:46.916] [STDERR] 127.0.0.1 - - [16/May/2026 11:24:46] "GET /static/img/logo.png HTTP/1.1" 200 -
[2026-05-16 11:24:53.433] [STDERR] 127.0.0.1 - - [16/May/2026 11:24:53] "
[2026-05-16 11:24:53.436] [STDERR] POST /input HTTP/1.1
[2026-05-16 11:24:53.439] [STDERR] " 302 -
[2026-05-16 11:24:53.740] [STDERR] 127.0.0.1 - - [16/May/2026 11:24:53] "GET /hasil HTTP/1.1" 200 -
[2026-05-16 11:24:53.873] [STDERR] 127.0.0.1 - - [16/May/2026 11:24:53] "GET /static/img/logo.png HTTP/1.1" 200 -
[2026-05-16 11:27:33.041] [STDERR] 127.0.0.1 - - [16/May/2026 11:27:33] "GET /hasil HTTP/1.1" 200 -
[2026-05-16 11:27:33.458] [STDERR] 127.0.0.1 - - [16/May/2026 11:27:33] "GET /static/img/logo.png HTTP/1.1" 200 -
[2026-05-16 11:28:00.122] [STDOUT] Log terminal disimpan di: data\terminal_logs\terminal_2026-05-16.log
[2026-05-16 11:28:00.155] [STDOUT]  * Serving Flask app 'app'
[2026-05-16 11:28:00.156] [STDOUT]  * Debug mode: on
[2026-05-16 11:28:00.222] [STDERR] WARNING: This is a development server. Do not use it in a production deployment. Use a production WSGI server instead.
[2026-05-16 11:28:00.223] [STDERR] 
[2026-05-16 11:28:00.226] [STDERR]  * Running on http://127.0.0.1:5000
[2026-05-16 11:28:00.228] [STDERR] Press CTRL+C to quit
[2026-05-16 11:28:00.230] [STDERR] 
[2026-05-16 11:28:13.992] [STDERR] 127.0.0.1 - - [16/May/2026 11:28:13] "GET /hasil HTTP/1.1" 200 -
[2026-05-16 11:28:14.137] [STDERR] 127.0.0.1 - - [16/May/2026 11:28:14] "GET /static/img/logo.png HTTP/1.1" 200 -
[2026-05-16 11:28:17.379] [STDERR] 127.0.0.1 - - [16/May/2026 11:28:17] "GET /hasil?tgl=22/12/2025&petugas= HTTP/1.1" 200 -
[2026-05-16 11:28:17.542] [STDERR] 127.0.0.1 - - [16/May/2026 11:28:17] "GET /static/img/logo.png HTTP/1.1" 200 -
[2026-05-16 11:28:26.293] [STDOUT] 
[2026-05-16 11:28:26.297] [STDOUT] Parameter algoritma genetika yang dipakai:
[2026-05-16 11:28:26.301] [STDOUT] - Generasi : 200
[2026-05-16 11:28:26.306] [STDOUT] - Populasi : 100
[2026-05-16 11:28:26.311] [STDOUT] - Cr       : 0.7 (70 crossover/generasi)
[2026-05-16 11:28:26.318] [STDOUT] - Mr       : 0.3 (30 mutasi/generasi)
[2026-05-16 11:28:29.388] [STDOUT] 
[2026-05-16 11:28:29.390] [STDOUT] === HASIL OPTIMASI ===
[2026-05-16 11:28:29.394] [STDOUT] Kurir                : A Luthfi Pratama
[2026-05-16 11:28:29.398] [STDOUT] 
[2026-05-16 11:28:29.403] [STDOUT] Parameter GA:
[2026-05-16 11:28:29.407] [STDOUT] - Generasi : 200
[2026-05-16 11:28:29.414] [STDOUT] - Populasi : 100
[2026-05-16 11:28:29.420] [STDOUT] - Cr       : 0.7 (70 crossover/generasi)
[2026-05-16 11:28:29.425] [STDOUT] - Mr       : 0.3 (30 mutasi/generasi)
[2026-05-16 11:28:29.431] [STDOUT] 
[2026-05-16 11:28:29.437] [STDOUT] Log fitness per generasi:
[2026-05-16 11:28:29.442] [STDOUT] Generasi | Fitness Populasi |       Fitness Cr |       Fitness Mr
[2026-05-16 11:28:29.449] [STDOUT] -----------------------------------------------------------------
[2026-05-16 11:28:29.454] [STDOUT]        1 |    27.1193274548 |    21.4327565447 |    19.7514188817
[2026-05-16 11:28:29.459] [STDOUT]       10 |    37.2222291152 |    26.0555603807 |    21.8523841367
[2026-05-16 11:28:29.462] [STDOUT]       20 |    37.2222291152 |    26.0555603807 |    21.8345663258
[2026-05-16 11:28:29.468] [STDOUT]       30 |    37.2222291152 |    26.0555603807 |    21.9226803012
[2026-05-16 11:28:29.473] [STDOUT]       40 |    37.2222291152 |    26.0555603807 |    21.9226803012
[2026-05-16 11:28:29.478] [STDOUT]       50 |    37.2222291152 |    26.0555603807 |    21.8289520819
[2026-05-16 11:28:29.482] [STDOUT]       60 |    37.2222291152 |    26.0555603807 |    21.7464523503
[2026-05-16 11:28:29.485] [STDOUT]       70 |    37.2222291152 |    26.0555603807 |    21.8903393409
[2026-05-16 11:28:29.490] [STDOUT]       80 |    37.2222291152 |    26.0555603807 |    21.7900217983
[2026-05-16 11:28:29.498] [STDOUT]       90 |    37.2222291152 |    26.0555603807 |    21.9170660574
[2026-05-16 11:28:29.502] [STDOUT]      100 |    37.2222291152 |    26.0555603807 |    21.8847250971
[2026-05-16 11:28:29.506] [STDOUT]      110 |    37.2222291152 |    26.0555603807 |    21.9404981122
[2026-05-16 11:28:29.510] [STDOUT]      120 |    37.2222291152 |    26.0555603807 |    21.8111342709
[2026-05-16 11:28:29.515] [STDOUT]      130 |    37.2222291152 |    26.0555603807 |    21.9817479780
[2026-05-16 11:28:29.518] [STDOUT]      140 |    37.2222291152 |    26.0555603807 |    21.8434752313
[2026-05-16 11:28:29.522] [STDOUT]      150 |    37.2222291152 |    26.0555603807 |    21.8111342709
[2026-05-16 11:28:29.526] [STDOUT]      160 |    37.2222291152 |    26.0555603807 |    21.8758161916
[2026-05-16 11:28:29.531] [STDOUT]      170 |    37.2222291152 |    26.0555603807 |    21.6962935790
[2026-05-16 11:28:29.535] [STDOUT]      180 |    37.2222291152 |    26.0555603807 |    21.9025429081
[2026-05-16 11:28:29.538] [STDOUT]      190 |    37.2222291152 |    26.0555603807 |    21.8556787984
[2026-05-16 11:28:29.541] [STDOUT]      200 |    37.2222291152 |    26.0555603807 |    22.0084746945
[2026-05-16 11:28:29.544] [STDOUT] Total keseluruhan fitness:
[2026-05-16 11:28:29.547] [STDOUT] - Fitness populasi : 7425.4849718032
[2026-05-16 11:28:29.551] [STDOUT] - Fitness cr       : 5203.4322840224
[2026-05-16 11:28:29.553] [STDOUT] - Fitness mr       : 4367.4953588163
[2026-05-16 11:28:29.555] [STDOUT] - Fitness generasi : 7435.5878734636
[2026-05-16 11:28:29.559] [STDOUT] - Fitness terbaik  : 0.3722222912
[2026-05-16 11:28:29.561] [STDOUT] Total Jarak          : 2.68 km
[2026-05-16 11:28:29.564] [STDOUT] Total Waktu          : 9.57 menit
[2026-05-16 11:28:29.567] [STDOUT] Rincian waktu:
[2026-05-16 11:28:29.570] [STDOUT] - preprocessing: 0.06 detik
[2026-05-16 11:28:29.571] [STDOUT] - geocoding: 0.05 detik
[2026-05-16 11:28:29.573] [STDOUT] - matrix + GA: 2.64 detik
[2026-05-16 11:28:29.575] [STDOUT] - geometry rute: 1.86 detik
[2026-05-16 11:28:29.579] [STDOUT] Waktu proses optimasi: 4.61 detik
[2026-05-16 11:28:29.580] [STDOUT] ======================
[2026-05-16 11:28:29.582] [STDOUT] 
[2026-05-16 11:28:29.802] [STDERR] 127.0.0.1 - - [16/May/2026 11:28:29] "GET /hasil?tgl=22/12/2025&petugas=A+Luthfi+Pratama HTTP/1.1" 200 -
[2026-05-16 11:28:29.984] [STDERR] 127.0.0.1 - - [16/May/2026 11:28:29] "GET /static/img/logo.png HTTP/1.1" 200 -
[2026-05-16 11:29:10.629] [STDERR] 127.0.0.1 - - [16/May/2026 11:29:10] "GET /input-penugasan HTTP/1.1" 200 -
[2026-05-16 11:29:10.812] [STDERR] 127.0.0.1 - - [16/May/2026 11:29:10] "GET /static/img/logo.png HTTP/1.1" 200 -
